<?xml version="1.0" encoding="UTF-8"?>
<!-- Generated by org.testng.reporters.JUnitReportReporter -->
<testsuite hostname="DESKTOP-2OBHBAO" failures="0" tests="1" name="testCases.Test2TopCities" time="12.263" errors="0" timestamp="2021-07-26T13:57:11 IST" skipped="0">
  <testcase classname="testCases.Test2TopCities" name="getCityNames" time="12.263"/>
  <system-out/>
</testsuite> <!-- testCases.Test2TopCities -->
